# JRE version: OpenJDK Runtime Environment (8.0_152-b01) (build 1.8.0_152-release-915-b01)
# Java VM: OpenJDK 64-Bit Server VM (25.152-b01 mixed mode windows-amd64 compressed oops)
Heap:
 PSYoungGen      total 110592K, used 14692K [0x00000000e0000000, 0x00000000e9f00000, 0x0000000100000000)
  eden space 97792K, 3% used [0x00000000e0000000,0x00000000e037f070,0x00000000e5f80000)
  from space 12800K, 86% used [0x00000000e9280000,0x00000000e9d5a080,0x00000000e9f00000)
  to   space 11776K, 0% used [0x00000000e5f80000,0x00000000e5f80000,0x00000000e6b00000)
 ParOldGen       total 97792K, used 17034K [0x00000000a0000000, 0x00000000a5f80000, 0x00000000e0000000)
  object space 97792K, 17% used [0x00000000a0000000,0x00000000a10a2850,0x00000000a5f80000)
 Metaspace       used 42033K, capacity 43176K, committed 43520K, reserved 1087488K
  class space    used 5649K, capacity 6019K, committed 6144K, reserved 1048576K
GC Heap History (10 events):
Event: 6.305 GC heap before
{Heap before GC invocations=6 (full 1):
 PSYoungGen      total 71680K, used 66560K [0x00000000e0000000, 0x00000000e4b00000, 0x0000000100000000)
  eden space 66560K, 100% used [0x00000000e0000000,0x00000000e4100000,0x00000000e4100000)
  from space 5120K, 0% used [0x00000000e4600000,0x00000000e4600000,0x00000000e4b00000)
  to   space 5120K, 0% used [0x00000000e4100000,0x00000000e4100000,0x00000000e4600000)
 ParOldGen       total 63488K, used 9017K [0x00000000a0000000, 0x00000000a3e00000, 0x00000000e0000000)
  object space 63488K, 14% used [0x00000000a0000000,0x00000000a08ce630,0x00000000a3e00000)
 Metaspace       used 26054K, capacity 26656K, committed 26880K, reserved 1073152K
  class space    used 3545K, capacity 3721K, committed 3840K, reserved 1048576K
Event: 6.315 GC heap after
Heap after GC invocations=6 (full 1):
 PSYoungGen      total 71680K, used 5105K [0x00000000e0000000, 0x00000000e7600000, 0x0000000100000000)
  eden space 66560K, 0% used [0x00000000e0000000,0x00000000e0000000,0x00000000e4100000)
  from space 5120K, 99% used [0x00000000e4100000,0x00000000e45fc590,0x00000000e4600000)
  to   space 10240K, 0% used [0x00000000e6c00000,0x00000000e6c00000,0x00000000e7600000)
 ParOldGen       total 63488K, used 10642K [0x00000000a0000000, 0x00000000a3e00000, 0x00000000e0000000)
  object space 63488K, 16% used [0x00000000a0000000,0x00000000a0a64b88,0x00000000a3e00000)
 Metaspace       used 26054K, capacity 26656K, committed 26880K, reserved 1073152K
  class space    used 3545K, capacity 3721K, committed 3840K, reserved 1048576K
}
Event: 8.411 GC heap before
{Heap before GC invocations=7 (full 1):
 PSYoungGen      total 71680K, used 71665K [0x00000000e0000000, 0x00000000e7600000, 0x0000000100000000)
  eden space 66560K, 100% used [0x00000000e0000000,0x00000000e4100000,0x00000000e4100000)
  from space 5120K, 99% used [0x00000000e4100000,0x00000000e45fc590,0x00000000e4600000)
  to   space 10240K, 0% used [0x00000000e6c00000,0x00000000e6c00000,0x00000000e7600000)
 ParOldGen       total 63488K, used 10642K [0x00000000a0000000, 0x00000000a3e00000, 0x00000000e0000000)
  object space 63488K, 16% used [0x00000000a0000000,0x00000000a0a64b88,0x00000000a3e00000)
 Metaspace       used 31187K, capacity 32028K, committed 32384K, reserved 1077248K
  class space    used 4310K, capacity 4615K, committed 4736K, reserved 1048576K
Event: 8.421 GC heap after
Heap after GC invocations=7 (full 1):
 PSYoungGen      total 108032K, used 9821K [0x00000000e0000000, 0x00000000e7680000, 0x0000000100000000)
  eden space 97792K, 0% used [0x00000000e0000000,0x00000000e0000000,0x00000000e5f80000)
  from space 10240K, 95% used [0x00000000e6c00000,0x00000000e7597648,0x00000000e7600000)
  to   space 11776K, 0% used [0x00000000e5f80000,0x00000000e5f80000,0x00000000e6b00000)
 ParOldGen       total 63488K, used 10650K [0x00000000a0000000, 0x00000000a3e00000, 0x00000000e0000000)
  object space 63488K, 16% used [0x00000000a0000000,0x00000000a0a66b88,0x00000000a3e00000)
 Metaspace       used 31187K, capacity 32028K, committed 32384K, reserved 1077248K
  class space    used 4310K, capacity 4615K, committed 4736K, reserved 1048576K
}
Event: 15.506 GC heap before
{Heap before GC invocations=8 (full 1):
 PSYoungGen      total 108032K, used 79798K [0x00000000e0000000, 0x00000000e7680000, 0x0000000100000000)
  eden space 97792K, 71% used [0x00000000e0000000,0x00000000e4456578,0x00000000e5f80000)
  from space 10240K, 95% used [0x00000000e6c00000,0x00000000e7597648,0x00000000e7600000)
  to   space 11776K, 0% used [0x00000000e5f80000,0x00000000e5f80000,0x00000000e6b00000)
 ParOldGen       total 63488K, used 10650K [0x00000000a0000000, 0x00000000a3e00000, 0x00000000e0000000)
  object space 63488K, 16% used [0x00000000a0000000,0x00000000a0a66b88,0x00000000a3e00000)
 Metaspace       used 34334K, capacity 35364K, committed 35416K, reserved 1079296K
  class space    used 4699K, capacity 5071K, committed 5120K, reserved 1048576K
Event: 15.514 GC heap after
Heap after GC invocations=8 (full 1):
 PSYoungGen      total 109568K, used 10784K [0x00000000e0000000, 0x00000000e9f00000, 0x0000000100000000)
  eden space 97792K, 0% used [0x00000000e0000000,0x00000000e0000000,0x00000000e5f80000)
  from space 11776K, 91% used [0x00000000e5f80000,0x00000000e6a083e8,0x00000000e6b00000)
  to   space 12800K, 0% used [0x00000000e9280000,0x00000000e9280000,0x00000000e9f00000)
 ParOldGen       total 63488K, used 10722K [0x00000000a0000000, 0x00000000a3e00000, 0x00000000e0000000)
  object space 63488K, 16% used [0x00000000a0000000,0x00000000a0a78b98,0x00000000a3e00000)
 Metaspace       used 34334K, capacity 35364K, committed 35416K, reserved 1079296K
  class space    used 4699K, capacity 5071K, committed 5120K, reserved 1048576K
}
Event: 15.514 GC heap before
{Heap before GC invocations=9 (full 2):
 PSYoungGen      total 109568K, used 10784K [0x00000000e0000000, 0x00000000e9f00000, 0x0000000100000000)
  eden space 97792K, 0% used [0x00000000e0000000,0x00000000e0000000,0x00000000e5f80000)
  from space 11776K, 91% used [0x00000000e5f80000,0x00000000e6a083e8,0x00000000e6b00000)
  to   space 12800K, 0% used [0x00000000e9280000,0x00000000e9280000,0x00000000e9f00000)
 ParOldGen       total 63488K, used 10722K [0x00000000a0000000, 0x00000000a3e00000, 0x00000000e0000000)
  object space 63488K, 16% used [0x00000000a0000000,0x00000000a0a78b98,0x00000000a3e00000)
 Metaspace       used 34334K, capacity 35364K, committed 35416K, reserved 1079296K
  class space    used 4699K, capacity 5071K, committed 5120K, reserved 1048576K
Event: 15.580 GC heap after
Heap after GC invocations=9 (full 2):
 PSYoungGen      total 109568K, used 0K [0x00000000e0000000, 0x00000000e9f00000, 0x0000000100000000)
  eden space 97792K, 0% used [0x00000000e0000000,0x00000000e0000000,0x00000000e5f80000)
  from space 11776K, 0% used [0x00000000e5f80000,0x00000000e5f80000,0x00000000e6b00000)
  to   space 12800K, 0% used [0x00000000e9280000,0x00000000e9280000,0x00000000e9f00000)
 ParOldGen       total 97792K, used 17026K [0x00000000a0000000, 0x00000000a5f80000, 0x00000000e0000000)
  object space 97792K, 17% used [0x00000000a0000000,0x00000000a10a0850,0x00000000a5f80000)
 Metaspace       used 34334K, capacity 35364K, committed 35416K, reserved 1079296K
  class space    used 4699K, capacity 5071K, committed 5120K, reserved 1048576K
}
Event: 16.750 GC heap before
{Heap before GC invocations=10 (full 2):
 PSYoungGen      total 109568K, used 97792K [0x00000000e0000000, 0x00000000e9f00000, 0x0000000100000000)
  eden space 97792K, 100% used [0x00000000e0000000,0x00000000e5f80000,0x00000000e5f80000)
  from space 11776K, 0% used [0x00000000e5f80000,0x00000000e5f80000,0x00000000e6b00000)
  to   space 12800K, 0% used [0x00000000e9280000,0x00000000e9280000,0x00000000e9f00000)
 ParOldGen       total 97792K, used 17026K [0x00000000a0000000, 0x00000000a5f80000, 0x00000000e0000000)
  object space 97792K, 17% used [0x00000000a0000000,0x00000000a10a0850,0x00000000a5f80000)
 Metaspace       used 41841K, capacity 42932K, committed 43136K, reserved 1087488K
  class space    used 5612K, capacity 5982K, committed 6016K, reserved 1048576K
Event: 16.764 GC heap after
Heap after GC invocations=10 (full 2):
 PSYoungGen      total 110592K, used 11112K [0x00000000e0000000, 0x00000000e9f00000, 0x0000000100000000)
  eden space 97792K, 0% used [0x00000000e0000000,0x00000000e0000000,0x00000000e5f80000)
  from space 12800K, 86% used [0x00000000e9280000,0x00000000e9d5a080,0x00000000e9f00000)
  to   space 11776K, 0% used [0x00000000e5f80000,0x00000000e5f80000,0x00000000e6b00000)
 ParOldGen       total 97792K, used 17034K [0x00000000a0000000, 0x00000000a5f80000, 0x00000000e0000000)
  object space 97792K, 17% used [0x00000000a0000000,0x00000000a10a2850,0x00000000a5f80000)
 Metaspace       used 41841K, capacity 42932K, committed 43136K, reserved 1087488K
  class space    used 5612K, capacity 5982K, committed 6016K, reserved 1048576K
}

