# JRE version: OpenJDK Runtime Environment (8.0_152-b01) (build 1.8.0_152-release-915-b01)
# Java VM: OpenJDK 64-Bit Server VM (25.152-b01 mixed mode windows-amd64 compressed oops)
Heap:
 PSYoungGen      total 349184K, used 77962K [0x00000000e0000000, 0x00000000ffd00000, 0x0000000100000000)
  eden space 174592K, 0% used [0x00000000e0000000,0x00000000e0000000,0x00000000eaa80000)
  from space 174592K, 44% used [0x00000000eaa80000,0x00000000ef6a2980,0x00000000f5500000)
  to   space 171008K, 0% used [0x00000000f5600000,0x00000000f5600000,0x00000000ffd00000)
 ParOldGen       total 809984K, used 787685K [0x00000000a0000000, 0x00000000d1700000, 0x00000000e0000000)
  object space 809984K, 97% used [0x00000000a0000000,0x00000000d01394f0,0x00000000d1700000)
 Metaspace       used 185952K, capacity 196194K, committed 200320K, reserved 1220608K
  class space    used 22637K, capacity 24948K, committed 28288K, reserved 1048576K
GC Heap History (10 events):
Event: 7840.169 GC heap after
Heap after GC invocations=142 (full 15):
 PSYoungGen      total 295424K, used 110651K [0x00000000e0000000, 0x0000000100000000, 0x0000000100000000)
  eden space 184320K, 0% used [0x00000000e0000000,0x00000000e0000000,0x00000000eb400000)
  from space 111104K, 99% used [0x00000000eb400000,0x00000000f200edc0,0x00000000f2080000)
  to   space 174592K, 0% used [0x00000000f5580000,0x00000000f5580000,0x0000000100000000)
 ParOldGen       total 809984K, used 709962K [0x00000000a0000000, 0x00000000d1700000, 0x00000000e0000000)
  object space 809984K, 87% used [0x00000000a0000000,0x00000000cb5528d8,0x00000000d1700000)
 Metaspace       used 171837K, capacity 181828K, committed 199296K, reserved 1220608K
  class space    used 20955K, capacity 23175K, committed 28288K, reserved 1048576K
}
Event: 11886.939 GC heap before
{Heap before GC invocations=143 (full 15):
 PSYoungGen      total 295424K, used 294967K [0x00000000e0000000, 0x0000000100000000, 0x0000000100000000)
  eden space 184320K, 99% used [0x00000000e0000000,0x00000000eb3fee98,0x00000000eb400000)
  from space 111104K, 99% used [0x00000000eb400000,0x00000000f200edc0,0x00000000f2080000)
  to   space 174592K, 0% used [0x00000000f5580000,0x00000000f5580000,0x0000000100000000)
 ParOldGen       total 809984K, used 709962K [0x00000000a0000000, 0x00000000d1700000, 0x00000000e0000000)
  object space 809984K, 87% used [0x00000000a0000000,0x00000000cb5528d8,0x00000000d1700000)
 Metaspace       used 171862K, capacity 181828K, committed 199296K, reserved 1220608K
  class space    used 20955K, capacity 23175K, committed 28288K, reserved 1048576K
Event: 11887.386 GC heap after
Heap after GC invocations=143 (full 15):
 PSYoungGen      total 353280K, used 79399K [0x00000000e0000000, 0x0000000100000000, 0x0000000100000000)
  eden space 178688K, 0% used [0x00000000e0000000,0x00000000e0000000,0x00000000eae80000)
  from space 174592K, 45% used [0x00000000f5580000,0x00000000fa309e10,0x0000000100000000)
  to   space 171008K, 0% used [0x00000000eae80000,0x00000000eae80000,0x00000000f5580000)
 ParOldGen       total 809984K, used 741551K [0x00000000a0000000, 0x00000000d1700000, 0x00000000e0000000)
  object space 809984K, 91% used [0x00000000a0000000,0x00000000cd42be80,0x00000000d1700000)
 Metaspace       used 171862K, capacity 181828K, committed 199296K, reserved 1220608K
  class space    used 20955K, capacity 23175K, committed 28288K, reserved 1048576K
}
Event: 12688.444 GC heap before
{Heap before GC invocations=144 (full 15):
 PSYoungGen      total 353280K, used 258087K [0x00000000e0000000, 0x0000000100000000, 0x0000000100000000)
  eden space 178688K, 100% used [0x00000000e0000000,0x00000000eae80000,0x00000000eae80000)
  from space 174592K, 45% used [0x00000000f5580000,0x00000000fa309e10,0x0000000100000000)
  to   space 171008K, 0% used [0x00000000eae80000,0x00000000eae80000,0x00000000f5580000)
 ParOldGen       total 809984K, used 741551K [0x00000000a0000000, 0x00000000d1700000, 0x00000000e0000000)
  object space 809984K, 91% used [0x00000000a0000000,0x00000000cd42be80,0x00000000d1700000)
 Metaspace       used 171913K, capacity 181948K, committed 199296K, reserved 1220608K
  class space    used 20966K, capacity 23215K, committed 28288K, reserved 1048576K
Event: 12688.659 GC heap after
Heap after GC invocations=144 (full 15):
 PSYoungGen      total 272384K, used 93355K [0x00000000e0000000, 0x00000000ffb80000, 0x0000000100000000)
  eden space 178688K, 0% used [0x00000000e0000000,0x00000000e0000000,0x00000000eae80000)
  from space 93696K, 99% used [0x00000000eae80000,0x00000000f09aacc8,0x00000000f0a00000)
  to   space 170496K, 0% used [0x00000000f5500000,0x00000000f5500000,0x00000000ffb80000)
 ParOldGen       total 809984K, used 741559K [0x00000000a0000000, 0x00000000d1700000, 0x00000000e0000000)
  object space 809984K, 91% used [0x00000000a0000000,0x00000000cd42de80,0x00000000d1700000)
 Metaspace       used 171913K, capacity 181948K, committed 199296K, reserved 1220608K
  class space    used 20966K, capacity 23215K, committed 28288K, reserved 1048576K
}
Event: 12691.872 GC heap before
{Heap before GC invocations=145 (full 15):
 PSYoungGen      total 272384K, used 272043K [0x00000000e0000000, 0x00000000ffb80000, 0x0000000100000000)
  eden space 178688K, 100% used [0x00000000e0000000,0x00000000eae80000,0x00000000eae80000)
  from space 93696K, 99% used [0x00000000eae80000,0x00000000f09aacc8,0x00000000f0a00000)
  to   space 170496K, 0% used [0x00000000f5500000,0x00000000f5500000,0x00000000ffb80000)
 ParOldGen       total 809984K, used 741559K [0x00000000a0000000, 0x00000000d1700000, 0x00000000e0000000)
  object space 809984K, 91% used [0x00000000a0000000,0x00000000cd42de80,0x00000000d1700000)
 Metaspace       used 179599K, capacity 189698K, committed 199296K, reserved 1220608K
  class space    used 21862K, capacity 24132K, committed 28288K, reserved 1048576K
Event: 12692.058 GC heap after
Heap after GC invocations=145 (full 15):
 PSYoungGen      total 345088K, used 124320K [0x00000000e0000000, 0x0000000100000000, 0x0000000100000000)
  eden space 174592K, 0% used [0x00000000e0000000,0x00000000e0000000,0x00000000eaa80000)
  from space 170496K, 72% used [0x00000000f5500000,0x00000000fce68300,0x00000000ffb80000)
  to   space 174592K, 0% used [0x00000000eaa80000,0x00000000eaa80000,0x00000000f5500000)
 ParOldGen       total 809984K, used 741567K [0x00000000a0000000, 0x00000000d1700000, 0x00000000e0000000)
  object space 809984K, 91% used [0x00000000a0000000,0x00000000cd42fe80,0x00000000d1700000)
 Metaspace       used 179599K, capacity 189698K, committed 199296K, reserved 1220608K
  class space    used 21862K, capacity 24132K, committed 28288K, reserved 1048576K
}
Event: 12694.336 GC heap before
{Heap before GC invocations=146 (full 15):
 PSYoungGen      total 345088K, used 298912K [0x00000000e0000000, 0x0000000100000000, 0x0000000100000000)
  eden space 174592K, 100% used [0x00000000e0000000,0x00000000eaa80000,0x00000000eaa80000)
  from space 170496K, 72% used [0x00000000f5500000,0x00000000fce68300,0x00000000ffb80000)
  to   space 174592K, 0% used [0x00000000eaa80000,0x00000000eaa80000,0x00000000f5500000)
 ParOldGen       total 809984K, used 741567K [0x00000000a0000000, 0x00000000d1700000, 0x00000000e0000000)
  object space 809984K, 91% used [0x00000000a0000000,0x00000000cd42fe80,0x00000000d1700000)
 Metaspace       used 185952K, capacity 196194K, committed 200320K, reserved 1220608K
  class space    used 22637K, capacity 24948K, committed 28288K, reserved 1048576K
Event: 12694.560 GC heap after
Heap after GC invocations=146 (full 15):
 PSYoungGen      total 349184K, used 77962K [0x00000000e0000000, 0x00000000ffd00000, 0x0000000100000000)
  eden space 174592K, 0% used [0x00000000e0000000,0x00000000e0000000,0x00000000eaa80000)
  from space 174592K, 44% used [0x00000000eaa80000,0x00000000ef6a2980,0x00000000f5500000)
  to   space 171008K, 0% used [0x00000000f5600000,0x00000000f5600000,0x00000000ffd00000)
 ParOldGen       total 809984K, used 787685K [0x00000000a0000000, 0x00000000d1700000, 0x00000000e0000000)
  object space 809984K, 97% used [0x00000000a0000000,0x00000000d01394f0,0x00000000d1700000)
 Metaspace       used 185952K, capacity 196194K, committed 200320K, reserved 1220608K
  class space    used 22637K, capacity 24948K, committed 28288K, reserved 1048576K
}
Event: 12694.561 GC heap before
{Heap before GC invocations=147 (full 16):
 PSYoungGen      total 349184K, used 77962K [0x00000000e0000000, 0x00000000ffd00000, 0x0000000100000000)
  eden space 174592K, 0% used [0x00000000e0000000,0x00000000e0000000,0x00000000eaa80000)
  from space 174592K, 44% used [0x00000000eaa80000,0x00000000ef6a2980,0x00000000f5500000)
  to   space 171008K, 0% used [0x00000000f5600000,0x00000000f5600000,0x00000000ffd00000)
 ParOldGen       total 809984K, used 787685K [0x00000000a0000000, 0x00000000d1700000, 0x00000000e0000000)
  object space 809984K, 97% used [0x00000000a0000000,0x00000000d01394f0,0x00000000d1700000)
 Metaspace       used 185952K, capacity 196194K, committed 200320K, reserved 1220608K
  class space    used 22637K, capacity 24948K, committed 28288K, reserved 1048576K

